2018-10-10 09:39:07.726 - [main] DEBUG - i.n.u.i.l.InternalLoggerFactory - Using SLF4J as the default logging framework
2018-10-10 09:39:07.738 - [main] DEBUG - i.n.c.MultithreadEventLoopGroup - -Dio.netty.eventLoopThreads: 8
2018-10-10 09:39:07.771 - [main] DEBUG - io.netty.channel.nio.NioEventLoop - -Dio.netty.noKeySetOptimization: false
2018-10-10 09:39:07.771 - [main] DEBUG - io.netty.channel.nio.NioEventLoop - -Dio.netty.selectorAutoRebuildThreshold: 512
2018-10-10 09:39:07.805 - [main] DEBUG - i.n.util.internal.PlatformDependent - Platform: Windows
2018-10-10 09:39:07.831 - [main] DEBUG - i.n.u.internal.PlatformDependent0 - -Dio.netty.noUnsafe: false
2018-10-10 09:39:07.831 - [main] DEBUG - i.n.u.internal.PlatformDependent0 - Java version: 8
2018-10-10 09:39:07.833 - [main] DEBUG - i.n.u.internal.PlatformDependent0 - sun.misc.Unsafe.theUnsafe: available
2018-10-10 09:39:07.834 - [main] DEBUG - i.n.u.internal.PlatformDependent0 - sun.misc.Unsafe.copyMemory: available
2018-10-10 09:39:07.836 - [main] DEBUG - i.n.u.internal.PlatformDependent0 - java.nio.Buffer.address: available
2018-10-10 09:39:07.886 - [main] DEBUG - i.n.u.internal.PlatformDependent0 - direct buffer constructor: available
2018-10-10 09:39:07.886 - [main] DEBUG - i.n.u.internal.PlatformDependent0 - java.nio.Bits.unaligned: available, true
2018-10-10 09:39:07.887 - [main] DEBUG - i.n.u.internal.PlatformDependent0 - jdk.internal.misc.Unsafe.allocateUninitializedArray(int): unavailable prior to Java9
2018-10-10 09:39:07.887 - [main] DEBUG - i.n.u.internal.PlatformDependent0 - java.nio.DirectByteBuffer.<init>(long, int): available
2018-10-10 09:39:07.887 - [main] DEBUG - i.n.util.internal.PlatformDependent - sun.misc.Unsafe: available
2018-10-10 09:39:07.888 - [main] DEBUG - i.n.util.internal.PlatformDependent - -Dio.netty.tmpdir: C:\Users\ADMINI~1\AppData\Local\Temp (java.io.tmpdir)
2018-10-10 09:39:07.888 - [main] DEBUG - i.n.util.internal.PlatformDependent - -Dio.netty.bitMode: 64 (sun.arch.data.model)
2018-10-10 09:39:07.890 - [main] DEBUG - i.n.util.internal.PlatformDependent - -Dio.netty.noPreferDirect: false
2018-10-10 09:39:07.890 - [main] DEBUG - i.n.util.internal.PlatformDependent - -Dio.netty.maxDirectMemory: 1895825408 bytes
2018-10-10 09:39:07.890 - [main] DEBUG - i.n.util.internal.PlatformDependent - -Dio.netty.uninitializedArrayAllocationThreshold: -1
2018-10-10 09:39:07.891 - [main] DEBUG - io.netty.util.internal.CleanerJava6 - java.nio.ByteBuffer.cleaner(): available
2018-10-10 09:39:07.901 - [main] DEBUG - i.n.util.internal.PlatformDependent - org.jctools-core.MpscChunkedArrayQueue: available
2018-10-10 09:39:08.165 - [main] DEBUG - io.netty.channel.DefaultChannelId - -Dio.netty.processId: 6596 (auto-detected)
2018-10-10 09:39:08.168 - [main] DEBUG - io.netty.util.NetUtil - -Djava.net.preferIPv4Stack: false
2018-10-10 09:39:08.168 - [main] DEBUG - io.netty.util.NetUtil - -Djava.net.preferIPv6Addresses: false
2018-10-10 09:39:08.267 - [main] DEBUG - io.netty.util.NetUtil - Loopback interface: lo (Software Loopback Interface 1, 127.0.0.1)
2018-10-10 09:39:08.268 - [main] DEBUG - io.netty.util.NetUtil - Failed to get SOMAXCONN from sysctl and file \proc\sys\net\core\somaxconn. Default: 200
2018-10-10 09:39:08.364 - [main] DEBUG - io.netty.channel.DefaultChannelId - -Dio.netty.machineId: 00:00:00:00:00:00:00:e0 (auto-detected)
2018-10-10 09:39:08.369 - [main] DEBUG - i.n.u.i.InternalThreadLocalMap - -Dio.netty.threadLocalMap.stringBuilder.initialSize: 1024
2018-10-10 09:39:08.369 - [main] DEBUG - i.n.u.i.InternalThreadLocalMap - -Dio.netty.threadLocalMap.stringBuilder.maxSize: 4096
2018-10-10 09:39:08.378 - [main] DEBUG - io.netty.util.ResourceLeakDetector - -Dio.netty.leakDetection.level: simple
2018-10-10 09:39:08.378 - [main] DEBUG - io.netty.util.ResourceLeakDetector - -Dio.netty.leakDetection.targetRecords: 4
2018-10-10 09:39:08.404 - [main] DEBUG - i.n.buffer.PooledByteBufAllocator - -Dio.netty.allocator.numHeapArenas: 8
2018-10-10 09:39:08.405 - [main] DEBUG - i.n.buffer.PooledByteBufAllocator - -Dio.netty.allocator.numDirectArenas: 8
2018-10-10 09:39:08.405 - [main] DEBUG - i.n.buffer.PooledByteBufAllocator - -Dio.netty.allocator.pageSize: 8192
2018-10-10 09:39:08.405 - [main] DEBUG - i.n.buffer.PooledByteBufAllocator - -Dio.netty.allocator.maxOrder: 11
2018-10-10 09:39:08.405 - [main] DEBUG - i.n.buffer.PooledByteBufAllocator - -Dio.netty.allocator.chunkSize: 16777216
2018-10-10 09:39:08.405 - [main] DEBUG - i.n.buffer.PooledByteBufAllocator - -Dio.netty.allocator.tinyCacheSize: 512
2018-10-10 09:39:08.405 - [main] DEBUG - i.n.buffer.PooledByteBufAllocator - -Dio.netty.allocator.smallCacheSize: 256
2018-10-10 09:39:08.405 - [main] DEBUG - i.n.buffer.PooledByteBufAllocator - -Dio.netty.allocator.normalCacheSize: 64
2018-10-10 09:39:08.405 - [main] DEBUG - i.n.buffer.PooledByteBufAllocator - -Dio.netty.allocator.maxCachedBufferCapacity: 32768
2018-10-10 09:39:08.405 - [main] DEBUG - i.n.buffer.PooledByteBufAllocator - -Dio.netty.allocator.cacheTrimInterval: 8192
2018-10-10 09:39:08.405 - [main] DEBUG - i.n.buffer.PooledByteBufAllocator - -Dio.netty.allocator.useCacheForAllThreads: true
2018-10-10 09:39:08.419 - [main] DEBUG - io.netty.buffer.ByteBufUtil - -Dio.netty.allocator.type: pooled
2018-10-10 09:39:08.419 - [main] DEBUG - io.netty.buffer.ByteBufUtil - -Dio.netty.threadLocalDirectBufferSize: 0
2018-10-10 09:39:08.419 - [main] DEBUG - io.netty.buffer.ByteBufUtil - -Dio.netty.maxThreadLocalCharBufferSize: 16384
2018-10-10 09:40:35.851 - [main] DEBUG - i.n.u.i.l.InternalLoggerFactory - Using SLF4J as the default logging framework
2018-10-10 09:40:35.855 - [main] DEBUG - i.n.c.MultithreadEventLoopGroup - -Dio.netty.eventLoopThreads: 8
2018-10-10 09:40:35.898 - [main] DEBUG - io.netty.channel.nio.NioEventLoop - -Dio.netty.noKeySetOptimization: false
2018-10-10 09:40:35.898 - [main] DEBUG - io.netty.channel.nio.NioEventLoop - -Dio.netty.selectorAutoRebuildThreshold: 512
2018-10-10 09:40:35.912 - [main] DEBUG - i.n.util.internal.PlatformDependent - Platform: Windows
2018-10-10 09:40:35.914 - [main] DEBUG - i.n.u.internal.PlatformDependent0 - -Dio.netty.noUnsafe: false
2018-10-10 09:40:35.914 - [main] DEBUG - i.n.u.internal.PlatformDependent0 - Java version: 8
2018-10-10 09:40:35.915 - [main] DEBUG - i.n.u.internal.PlatformDependent0 - sun.misc.Unsafe.theUnsafe: available
2018-10-10 09:40:35.916 - [main] DEBUG - i.n.u.internal.PlatformDependent0 - sun.misc.Unsafe.copyMemory: available
2018-10-10 09:40:35.917 - [main] DEBUG - i.n.u.internal.PlatformDependent0 - java.nio.Buffer.address: available
2018-10-10 09:40:35.917 - [main] DEBUG - i.n.u.internal.PlatformDependent0 - direct buffer constructor: available
2018-10-10 09:40:35.918 - [main] DEBUG - i.n.u.internal.PlatformDependent0 - java.nio.Bits.unaligned: available, true
2018-10-10 09:40:35.918 - [main] DEBUG - i.n.u.internal.PlatformDependent0 - jdk.internal.misc.Unsafe.allocateUninitializedArray(int): unavailable prior to Java9
2018-10-10 09:40:35.918 - [main] DEBUG - i.n.u.internal.PlatformDependent0 - java.nio.DirectByteBuffer.<init>(long, int): available
2018-10-10 09:40:35.918 - [main] DEBUG - i.n.util.internal.PlatformDependent - sun.misc.Unsafe: available
2018-10-10 09:40:35.919 - [main] DEBUG - i.n.util.internal.PlatformDependent - -Dio.netty.tmpdir: C:\Users\ADMINI~1\AppData\Local\Temp (java.io.tmpdir)
2018-10-10 09:40:35.919 - [main] DEBUG - i.n.util.internal.PlatformDependent - -Dio.netty.bitMode: 64 (sun.arch.data.model)
2018-10-10 09:40:35.920 - [main] DEBUG - i.n.util.internal.PlatformDependent - -Dio.netty.noPreferDirect: false
2018-10-10 09:40:35.921 - [main] DEBUG - i.n.util.internal.PlatformDependent - -Dio.netty.maxDirectMemory: 1895825408 bytes
2018-10-10 09:40:35.921 - [main] DEBUG - i.n.util.internal.PlatformDependent - -Dio.netty.uninitializedArrayAllocationThreshold: -1
2018-10-10 09:40:35.921 - [main] DEBUG - io.netty.util.internal.CleanerJava6 - java.nio.ByteBuffer.cleaner(): available
2018-10-10 09:40:35.929 - [main] DEBUG - i.n.util.internal.PlatformDependent - org.jctools-core.MpscChunkedArrayQueue: available
2018-10-10 09:40:36.160 - [main] DEBUG - io.netty.channel.DefaultChannelId - -Dio.netty.processId: 3464 (auto-detected)
2018-10-10 09:40:36.162 - [main] DEBUG - io.netty.util.NetUtil - -Djava.net.preferIPv4Stack: false
2018-10-10 09:40:36.162 - [main] DEBUG - io.netty.util.NetUtil - -Djava.net.preferIPv6Addresses: false
2018-10-10 09:40:36.235 - [main] DEBUG - io.netty.util.NetUtil - Loopback interface: lo (Software Loopback Interface 1, 127.0.0.1)
2018-10-10 09:40:36.236 - [main] DEBUG - io.netty.util.NetUtil - Failed to get SOMAXCONN from sysctl and file \proc\sys\net\core\somaxconn. Default: 200
2018-10-10 09:40:36.336 - [main] DEBUG - io.netty.channel.DefaultChannelId - -Dio.netty.machineId: 00:00:00:00:00:00:00:e0 (auto-detected)
2018-10-10 09:40:36.341 - [main] DEBUG - i.n.u.i.InternalThreadLocalMap - -Dio.netty.threadLocalMap.stringBuilder.initialSize: 1024
2018-10-10 09:40:36.341 - [main] DEBUG - i.n.u.i.InternalThreadLocalMap - -Dio.netty.threadLocalMap.stringBuilder.maxSize: 4096
2018-10-10 09:40:36.350 - [main] DEBUG - io.netty.util.ResourceLeakDetector - -Dio.netty.leakDetection.level: simple
2018-10-10 09:40:36.350 - [main] DEBUG - io.netty.util.ResourceLeakDetector - -Dio.netty.leakDetection.targetRecords: 4
2018-10-10 09:40:36.377 - [main] DEBUG - i.n.buffer.PooledByteBufAllocator - -Dio.netty.allocator.numHeapArenas: 8
2018-10-10 09:40:36.377 - [main] DEBUG - i.n.buffer.PooledByteBufAllocator - -Dio.netty.allocator.numDirectArenas: 8
2018-10-10 09:40:36.377 - [main] DEBUG - i.n.buffer.PooledByteBufAllocator - -Dio.netty.allocator.pageSize: 8192
2018-10-10 09:40:36.377 - [main] DEBUG - i.n.buffer.PooledByteBufAllocator - -Dio.netty.allocator.maxOrder: 11
2018-10-10 09:40:36.377 - [main] DEBUG - i.n.buffer.PooledByteBufAllocator - -Dio.netty.allocator.chunkSize: 16777216
2018-10-10 09:40:36.377 - [main] DEBUG - i.n.buffer.PooledByteBufAllocator - -Dio.netty.allocator.tinyCacheSize: 512
2018-10-10 09:40:36.377 - [main] DEBUG - i.n.buffer.PooledByteBufAllocator - -Dio.netty.allocator.smallCacheSize: 256
2018-10-10 09:40:36.378 - [main] DEBUG - i.n.buffer.PooledByteBufAllocator - -Dio.netty.allocator.normalCacheSize: 64
2018-10-10 09:40:36.378 - [main] DEBUG - i.n.buffer.PooledByteBufAllocator - -Dio.netty.allocator.maxCachedBufferCapacity: 32768
2018-10-10 09:40:36.378 - [main] DEBUG - i.n.buffer.PooledByteBufAllocator - -Dio.netty.allocator.cacheTrimInterval: 8192
2018-10-10 09:40:36.378 - [main] DEBUG - i.n.buffer.PooledByteBufAllocator - -Dio.netty.allocator.useCacheForAllThreads: true
2018-10-10 09:40:36.386 - [main] DEBUG - io.netty.buffer.ByteBufUtil - -Dio.netty.allocator.type: pooled
2018-10-10 09:40:36.386 - [main] DEBUG - io.netty.buffer.ByteBufUtil - -Dio.netty.threadLocalDirectBufferSize: 0
2018-10-10 09:40:36.386 - [main] DEBUG - io.netty.buffer.ByteBufUtil - -Dio.netty.maxThreadLocalCharBufferSize: 16384
2018-10-10 09:41:49.310 - [nioEventLoopGroup-3-2] DEBUG - io.netty.buffer.AbstractByteBuf - -Dio.netty.buffer.bytebuf.checkAccessible: true
2018-10-10 09:41:49.312 - [nioEventLoopGroup-3-2] DEBUG - i.n.u.ResourceLeakDetectorFactory - Loaded default ResourceLeakDetector: io.netty.util.ResourceLeakDetector@989492d
2018-10-10 09:41:49.419 - [nioEventLoopGroup-3-1] DEBUG - io.netty.util.Recycler - -Dio.netty.recycler.maxCapacityPerThread: 4096
2018-10-10 09:41:49.420 - [nioEventLoopGroup-3-1] DEBUG - io.netty.util.Recycler - -Dio.netty.recycler.maxSharedCapacityFactor: 2
2018-10-10 09:41:49.420 - [nioEventLoopGroup-3-1] DEBUG - io.netty.util.Recycler - -Dio.netty.recycler.linkCapacity: 16
2018-10-10 09:41:49.420 - [nioEventLoopGroup-3-1] DEBUG - io.netty.util.Recycler - -Dio.netty.recycler.ratio: 8
