2018-09-28 09:28:52.141 - [main] INFO  - netty.NettyServer - Http Server listening on 8005
2018-09-28 09:48:34.582 - [main] INFO  - netty.NettyServer - Http Server listening on 8005
2018-09-28 09:52:30.054 - [main] INFO  - netty.NettyServer - Http Server listening on 8005
2018-09-28 09:58:31.697 - [main] INFO  - netty.NettyServer - Http Server listening on 8005
2018-09-28 09:58:44.590 - [nioEventLoopGroup-3-2] INFO  - netty.NettyServerHandller - 客户端与服务端连接开启，客户端remoteAddress：/0:0:0:0:0:0:0:1:50573
2018-09-28 09:58:44.590 - [nioEventLoopGroup-3-1] INFO  - netty.NettyServerHandller - 客户端与服务端连接开启，客户端remoteAddress：/0:0:0:0:0:0:0:1:50572
2018-09-28 09:58:44.607 - [nioEventLoopGroup-3-1] INFO  - netty.NettyServerHandller - 客户端与服务端连接关闭.../0:0:0:0:0:0:0:1:50572
2018-09-28 09:58:44.623 - [nioEventLoopGroup-3-2] INFO  - netty.NettyServerHandller - 客户端与服务端连接关闭.../0:0:0:0:0:0:0:1:50573
2018-09-28 09:58:54.594 - [nioEventLoopGroup-3-3] INFO  - netty.NettyServerHandller - 客户端与服务端连接开启，客户端remoteAddress：/0:0:0:0:0:0:0:1:50574
2018-09-28 09:58:54.595 - [nioEventLoopGroup-3-3] INFO  - netty.NettyServerHandller - 客户端与服务端连接关闭.../0:0:0:0:0:0:0:1:50574
2018-09-28 09:58:54.596 - [nioEventLoopGroup-3-4] INFO  - netty.NettyServerHandller - 客户端与服务端连接开启，客户端remoteAddress：/0:0:0:0:0:0:0:1:50575
2018-09-28 09:58:54.598 - [nioEventLoopGroup-3-4] INFO  - netty.NettyServerHandller - 客户端与服务端连接关闭.../0:0:0:0:0:0:0:1:50575
2018-09-28 09:59:05.845 - [nioEventLoopGroup-3-5] INFO  - netty.NettyServerHandller - 客户端与服务端连接开启，客户端remoteAddress：/0:0:0:0:0:0:0:1:50578
2018-09-28 09:59:05.846 - [nioEventLoopGroup-3-5] INFO  - netty.NettyServerHandller - 客户端与服务端连接关闭.../0:0:0:0:0:0:0:1:50578
2018-09-28 09:59:05.846 - [nioEventLoopGroup-3-6] INFO  - netty.NettyServerHandller - 客户端与服务端连接开启，客户端remoteAddress：/0:0:0:0:0:0:0:1:50579
2018-09-28 09:59:05.848 - [nioEventLoopGroup-3-6] INFO  - netty.NettyServerHandller - 客户端与服务端连接关闭.../0:0:0:0:0:0:0:1:50579
2018-09-28 09:59:48.066 - [nioEventLoopGroup-3-7] INFO  - netty.NettyServerHandller - 客户端与服务端连接开启，客户端remoteAddress：/0:0:0:0:0:0:0:1:50587
2018-09-28 09:59:48.068 - [nioEventLoopGroup-3-7] INFO  - netty.NettyServerHandller - 客户端与服务端连接关闭.../0:0:0:0:0:0:0:1:50587
2018-09-28 09:59:48.069 - [nioEventLoopGroup-3-8] INFO  - netty.NettyServerHandller - 客户端与服务端连接开启，客户端remoteAddress：/0:0:0:0:0:0:0:1:50588
2018-09-28 09:59:48.070 - [nioEventLoopGroup-3-8] INFO  - netty.NettyServerHandller - 客户端与服务端连接关闭.../0:0:0:0:0:0:0:1:50588
2018-09-28 09:59:56.083 - [main] INFO  - netty.NettyServer - Http Server listening on 8005
2018-09-28 10:00:06.937 - [nioEventLoopGroup-3-1] INFO  - netty.NettyServerHandller - 客户端与服务端连接开启，客户端remoteAddress：/0:0:0:0:0:0:0:1:50631
2018-09-28 10:00:06.937 - [nioEventLoopGroup-3-2] INFO  - netty.NettyServerHandller - 客户端与服务端连接开启，客户端remoteAddress：/0:0:0:0:0:0:0:1:50632
2018-09-28 10:00:06.950 - [nioEventLoopGroup-3-1] INFO  - netty.NettyServerHandller - 客户端与服务端连接关闭.../0:0:0:0:0:0:0:1:50631
2018-09-28 10:00:06.962 - [nioEventLoopGroup-3-2] INFO  - netty.NettyServerHandller - 客户端与服务端连接关闭.../0:0:0:0:0:0:0:1:50632
2018-09-28 10:00:15.981 - [nioEventLoopGroup-3-3] INFO  - netty.NettyServerHandller - 客户端与服务端连接开启，客户端remoteAddress：/0:0:0:0:0:0:0:1:50633
2018-09-28 10:00:15.982 - [nioEventLoopGroup-3-4] INFO  - netty.NettyServerHandller - 客户端与服务端连接开启，客户端remoteAddress：/0:0:0:0:0:0:0:1:50634
2018-09-28 10:00:15.982 - [nioEventLoopGroup-3-3] INFO  - netty.NettyServerHandller - 客户端与服务端连接关闭.../0:0:0:0:0:0:0:1:50633
2018-09-28 10:00:42.321 - [nioEventLoopGroup-3-4] INFO  - c.a.druid.pool.DruidDataSource - {dataSource-1} inited
2018-09-28 10:00:42.410 - [nioEventLoopGroup-3-4] INFO  - netty.NettyServerHandller - 客户端与服务端连接关闭.../0:0:0:0:0:0:0:1:50634
2018-09-28 10:00:49.472 - [nioEventLoopGroup-3-5] INFO  - netty.NettyServerHandller - 客户端与服务端连接开启，客户端remoteAddress：/0:0:0:0:0:0:0:1:50637
2018-09-28 10:00:49.474 - [nioEventLoopGroup-3-5] INFO  - netty.NettyServerHandller - 客户端与服务端连接关闭.../0:0:0:0:0:0:0:1:50637
2018-09-28 10:00:49.475 - [nioEventLoopGroup-3-6] INFO  - netty.NettyServerHandller - 客户端与服务端连接开启，客户端remoteAddress：/0:0:0:0:0:0:0:1:50638
2018-09-28 10:00:49.476 - [nioEventLoopGroup-3-6] INFO  - netty.NettyServerHandller - 客户端与服务端连接关闭.../0:0:0:0:0:0:0:1:50638
2018-09-28 10:00:54.366 - [nioEventLoopGroup-3-7] INFO  - netty.NettyServerHandller - 客户端与服务端连接开启，客户端remoteAddress：/0:0:0:0:0:0:0:1:50639
2018-09-28 10:00:54.366 - [nioEventLoopGroup-3-8] INFO  - netty.NettyServerHandller - 客户端与服务端连接开启，客户端remoteAddress：/0:0:0:0:0:0:0:1:50640
2018-09-28 10:00:54.367 - [nioEventLoopGroup-3-7] INFO  - netty.NettyServerHandller - 客户端与服务端连接关闭.../0:0:0:0:0:0:0:1:50639
2018-09-28 10:00:54.389 - [nioEventLoopGroup-3-8] INFO  - netty.NettyServerHandller - 客户端与服务端连接关闭.../0:0:0:0:0:0:0:1:50640
2018-09-28 10:01:24.130 - [main] INFO  - netty.NettyServer - Http Server listening on 8005
2018-09-28 10:01:27.245 - [main] INFO  - netty.NettyServer - Http Server listening on 8005
2018-09-28 10:01:42.708 - [nioEventLoopGroup-3-1] INFO  - netty.NettyServerHandller - 客户端与服务端连接开启，客户端remoteAddress：/0:0:0:0:0:0:0:1:50715
2018-09-28 10:01:42.708 - [nioEventLoopGroup-3-2] INFO  - netty.NettyServerHandller - 客户端与服务端连接开启，客户端remoteAddress：/0:0:0:0:0:0:0:1:50716
2018-09-28 10:01:42.721 - [nioEventLoopGroup-3-1] INFO  - netty.NettyServerHandller - 客户端与服务端连接关闭.../0:0:0:0:0:0:0:1:50715
2018-09-28 10:01:49.094 - [nioEventLoopGroup-3-2] INFO  - netty.NettyServerHandller - 客户端与服务端连接关闭.../0:0:0:0:0:0:0:1:50716
2018-09-28 10:01:55.866 - [nioEventLoopGroup-3-3] INFO  - netty.NettyServerHandller - 客户端与服务端连接开启，客户端remoteAddress：/0:0:0:0:0:0:0:1:50717
2018-09-28 10:01:55.866 - [nioEventLoopGroup-3-4] INFO  - netty.NettyServerHandller - 客户端与服务端连接开启，客户端remoteAddress：/0:0:0:0:0:0:0:1:50718
2018-09-28 10:01:55.867 - [nioEventLoopGroup-3-3] INFO  - netty.NettyServerHandller - 客户端与服务端连接关闭.../0:0:0:0:0:0:0:1:50717
2018-09-28 10:01:55.886 - [nioEventLoopGroup-3-4] INFO  - netty.NettyServerHandller - 客户端与服务端连接关闭.../0:0:0:0:0:0:0:1:50718
2018-09-28 10:02:24.380 - [nioEventLoopGroup-3-6] INFO  - netty.NettyServerHandller - 客户端与服务端连接开启，客户端remoteAddress：/0:0:0:0:0:0:0:1:50726
2018-09-28 10:02:24.381 - [nioEventLoopGroup-3-5] INFO  - netty.NettyServerHandller - 客户端与服务端连接开启，客户端remoteAddress：/0:0:0:0:0:0:0:1:50725
2018-09-28 10:02:24.381 - [nioEventLoopGroup-3-5] INFO  - netty.NettyServerHandller - 客户端与服务端连接关闭.../0:0:0:0:0:0:0:1:50725
2018-09-28 10:02:24.381 - [nioEventLoopGroup-3-6] INFO  - netty.NettyServerHandller - 客户端与服务端连接关闭.../0:0:0:0:0:0:0:1:50726
2018-09-28 10:02:34.425 - [nioEventLoopGroup-3-8] INFO  - netty.NettyServerHandller - 客户端与服务端连接开启，客户端remoteAddress：/0:0:0:0:0:0:0:1:50728
2018-09-28 10:02:34.425 - [nioEventLoopGroup-3-7] INFO  - netty.NettyServerHandller - 客户端与服务端连接开启，客户端remoteAddress：/0:0:0:0:0:0:0:1:50727
2018-09-28 10:02:34.426 - [nioEventLoopGroup-3-7] INFO  - netty.NettyServerHandller - 客户端与服务端连接关闭.../0:0:0:0:0:0:0:1:50727
2018-09-28 10:02:34.431 - [nioEventLoopGroup-3-8] INFO  - netty.NettyServerHandller - 客户端与服务端连接关闭.../0:0:0:0:0:0:0:1:50728
2018-09-28 10:02:37.446 - [nioEventLoopGroup-3-1] INFO  - netty.NettyServerHandller - 客户端与服务端连接开启，客户端remoteAddress：/0:0:0:0:0:0:0:1:50729
2018-09-28 10:02:37.449 - [nioEventLoopGroup-3-1] INFO  - netty.NettyServerHandller - 客户端与服务端连接关闭.../0:0:0:0:0:0:0:1:50729
2018-09-28 10:02:37.449 - [nioEventLoopGroup-3-2] INFO  - netty.NettyServerHandller - 客户端与服务端连接开启，客户端remoteAddress：/0:0:0:0:0:0:0:1:50730
2018-09-28 10:02:37.451 - [nioEventLoopGroup-3-2] INFO  - netty.NettyServerHandller - 客户端与服务端连接关闭.../0:0:0:0:0:0:0:1:50730
2018-09-28 10:02:53.269 - [nioEventLoopGroup-3-3] INFO  - netty.NettyServerHandller - 客户端与服务端连接开启，客户端remoteAddress：/0:0:0:0:0:0:0:1:50732
2018-09-28 10:02:53.269 - [nioEventLoopGroup-3-4] INFO  - netty.NettyServerHandller - 客户端与服务端连接开启，客户端remoteAddress：/0:0:0:0:0:0:0:1:50733
2018-09-28 10:03:28.762 - [nioEventLoopGroup-3-4] INFO  - netty.NettyServerHandller - 客户端与服务端连接关闭.../0:0:0:0:0:0:0:1:50733
2018-09-28 10:03:46.856 - [nioEventLoopGroup-3-5] INFO  - netty.NettyServerHandller - 客户端与服务端连接开启，客户端remoteAddress：/0:0:0:0:0:0:0:1:50738
2018-09-28 10:03:51.374 - [nioEventLoopGroup-3-3] INFO  - netty.NettyServerHandller - 客户端与服务端连接关闭.../0:0:0:0:0:0:0:1:50732
2018-09-28 10:03:52.221 - [nioEventLoopGroup-3-5] INFO  - netty.NettyServerHandller - 客户端与服务端连接关闭.../0:0:0:0:0:0:0:1:50738
2018-09-28 10:04:21.051 - [main] INFO  - netty.NettyServer - Http Server listening on 8005
2018-09-28 10:04:24.168 - [nioEventLoopGroup-3-2] INFO  - netty.NettyServerHandller - 客户端与服务端连接开启，客户端remoteAddress：/0:0:0:0:0:0:0:1:50777
2018-09-28 10:04:24.168 - [nioEventLoopGroup-3-1] INFO  - netty.NettyServerHandller - 客户端与服务端连接开启，客户端remoteAddress：/0:0:0:0:0:0:0:1:50776
2018-09-28 10:04:24.220 - [nioEventLoopGroup-3-1] INFO  - netty.NettyServerHandller - 客户端与服务端连接关闭.../0:0:0:0:0:0:0:1:50776
2018-09-28 10:04:28.620 - [nioEventLoopGroup-3-2] INFO  - netty.NettyServerHandller - 客户端与服务端连接关闭.../0:0:0:0:0:0:0:1:50777
2018-09-28 10:08:13.778 - [main] INFO  - netty.NettyServer - Http Server listening on 8005
2018-09-28 10:08:16.612 - [nioEventLoopGroup-3-1] INFO  - netty.NettyServerHandller - 客户端与服务端连接开启，客户端remoteAddress：/0:0:0:0:0:0:0:1:50928
2018-09-28 10:08:16.612 - [nioEventLoopGroup-3-2] INFO  - netty.NettyServerHandller - 客户端与服务端连接开启，客户端remoteAddress：/0:0:0:0:0:0:0:1:50929
2018-09-28 10:08:16.664 - [nioEventLoopGroup-3-1] INFO  - netty.NettyServerHandller - 客户端与服务端连接关闭.../0:0:0:0:0:0:0:1:50928
2018-09-28 10:08:38.476 - [nioEventLoopGroup-3-2] INFO  - netty.NettyServerHandller - 客户端与服务端连接关闭.../0:0:0:0:0:0:0:1:50929
2018-09-28 10:12:33.572 - [nioEventLoopGroup-3-3] INFO  - netty.NettyServerHandller - 客户端与服务端连接开启，客户端remoteAddress：/0:0:0:0:0:0:0:1:51324
2018-09-28 10:13:32.170 - [nioEventLoopGroup-3-3] INFO  - netty.NettyServerHandller - 客户端与服务端连接关闭.../0:0:0:0:0:0:0:1:51324
2018-09-28 10:13:32.173 - [nioEventLoopGroup-3-4] INFO  - netty.NettyServerHandller - 客户端与服务端连接开启，客户端remoteAddress：/0:0:0:0:0:0:0:1:51383
2018-09-28 10:13:49.841 - [nioEventLoopGroup-3-4] INFO  - netty.NettyServerHandller - 客户端与服务端连接关闭.../0:0:0:0:0:0:0:1:51383
2018-09-28 10:13:49.843 - [nioEventLoopGroup-3-5] INFO  - netty.NettyServerHandller - 客户端与服务端连接开启，客户端remoteAddress：/0:0:0:0:0:0:0:1:51424
2018-09-28 10:14:07.275 - [nioEventLoopGroup-3-5] INFO  - netty.NettyServerHandller - 客户端与服务端连接关闭.../0:0:0:0:0:0:0:1:51424
2018-09-28 10:16:02.511 - [main] INFO  - netty.NettyServer - Http Server listening on 8005
2018-09-28 10:16:09.014 - [nioEventLoopGroup-3-1] INFO  - netty.NettyServerHandller - 客户端与服务端连接开启，客户端remoteAddress：/0:0:0:0:0:0:0:1:51658
2018-09-28 10:16:13.397 - [nioEventLoopGroup-3-1] INFO  - netty.NettyServerHandller - 客户端与服务端连接关闭.../0:0:0:0:0:0:0:1:51658
2018-09-28 10:16:48.734 - [nioEventLoopGroup-3-2] INFO  - netty.NettyServerHandller - 客户端与服务端连接开启，客户端remoteAddress：/0:0:0:0:0:0:0:1:51711
2018-09-28 10:16:59.889 - [nioEventLoopGroup-3-2] INFO  - netty.NettyServerHandller - 客户端与服务端连接关闭.../0:0:0:0:0:0:0:1:51711
2018-09-28 10:21:08.008 - [main] INFO  - netty.NettyServer - Http Server listening on 8005
2018-09-28 10:21:12.703 - [nioEventLoopGroup-3-1] INFO  - netty.NettyServerHandller - 客户端与服务端连接开启，客户端remoteAddress：/0:0:0:0:0:0:0:1:52107
2018-09-28 10:22:50.278 - [nioEventLoopGroup-3-2] INFO  - netty.NettyServerHandller - 客户端与服务端连接开启，客户端remoteAddress：/0:0:0:0:0:0:0:1:52254
2018-09-28 10:22:50.280 - [nioEventLoopGroup-3-3] INFO  - netty.NettyServerHandller - 客户端与服务端连接开启，客户端remoteAddress：/0:0:0:0:0:0:0:1:52255
2018-09-28 10:22:50.280 - [nioEventLoopGroup-3-2] INFO  - netty.NettyServerHandller - 客户端与服务端连接关闭.../0:0:0:0:0:0:0:1:52254
2018-09-28 10:22:50.709 - [nioEventLoopGroup-3-3] INFO  - c.a.druid.pool.DruidDataSource - {dataSource-1} inited
2018-09-28 10:22:50.801 - [nioEventLoopGroup-3-3] INFO  - netty.NettyServerHandller - 客户端与服务端连接关闭.../0:0:0:0:0:0:0:1:52255
2018-09-28 10:28:30.166 - [nioEventLoopGroup-3-4] INFO  - netty.NettyServerHandller - 客户端与服务端连接开启，客户端remoteAddress：/0:0:0:0:0:0:0:1:52724
2018-09-28 10:34:55.334 - [main] INFO  - netty.NettyServer - Http Server listening on 8005
2018-09-28 10:35:09.525 - [nioEventLoopGroup-3-1] INFO  - netty.NettyServerHandller - 客户端与服务端连接开启，客户端remoteAddress：/0:0:0:0:0:0:0:1:53306
2018-09-28 10:35:09.525 - [nioEventLoopGroup-3-2] INFO  - netty.NettyServerHandller - 客户端与服务端连接开启，客户端remoteAddress：/0:0:0:0:0:0:0:1:53307
2018-09-28 10:35:09.541 - [nioEventLoopGroup-3-1] INFO  - netty.NettyServerHandller - 客户端与服务端连接关闭.../0:0:0:0:0:0:0:1:53306
2018-09-28 10:35:09.945 - [nioEventLoopGroup-3-2] INFO  - c.a.druid.pool.DruidDataSource - {dataSource-1} inited
2018-09-28 10:35:10.024 - [nioEventLoopGroup-3-2] INFO  - netty.NettyServerHandller - 客户端与服务端连接关闭.../0:0:0:0:0:0:0:1:53307
2018-09-28 10:35:13.608 - [nioEventLoopGroup-3-3] INFO  - netty.NettyServerHandller - 客户端与服务端连接开启，客户端remoteAddress：/0:0:0:0:0:0:0:1:53316
2018-09-28 10:35:13.609 - [nioEventLoopGroup-3-4] INFO  - netty.NettyServerHandller - 客户端与服务端连接开启，客户端remoteAddress：/0:0:0:0:0:0:0:1:53317
2018-09-28 10:35:13.609 - [nioEventLoopGroup-3-3] INFO  - netty.NettyServerHandller - 客户端与服务端连接关闭.../0:0:0:0:0:0:0:1:53316
2018-09-28 10:35:13.615 - [nioEventLoopGroup-3-4] INFO  - netty.NettyServerHandller - 客户端与服务端连接关闭.../0:0:0:0:0:0:0:1:53317
2018-09-28 10:37:03.287 - [nioEventLoopGroup-3-5] INFO  - netty.NettyServerHandller - 客户端与服务端连接开启，客户端remoteAddress：/0:0:0:0:0:0:0:1:53472
2018-09-28 10:37:03.288 - [nioEventLoopGroup-3-5] INFO  - netty.NettyServerHandller - 客户端与服务端连接关闭.../0:0:0:0:0:0:0:1:53472
2018-09-28 10:37:03.289 - [nioEventLoopGroup-3-6] INFO  - netty.NettyServerHandller - 客户端与服务端连接开启，客户端remoteAddress：/0:0:0:0:0:0:0:1:53473
2018-09-28 10:37:03.307 - [nioEventLoopGroup-3-6] INFO  - netty.NettyServerHandller - 客户端与服务端连接关闭.../0:0:0:0:0:0:0:1:53473
2018-09-28 10:37:08.626 - [nioEventLoopGroup-3-7] INFO  - netty.NettyServerHandller - 客户端与服务端连接开启，客户端remoteAddress：/0:0:0:0:0:0:0:1:53482
2018-09-28 10:37:08.626 - [nioEventLoopGroup-3-8] INFO  - netty.NettyServerHandller - 客户端与服务端连接开启，客户端remoteAddress：/0:0:0:0:0:0:0:1:53483
2018-09-28 10:37:08.627 - [nioEventLoopGroup-3-7] INFO  - netty.NettyServerHandller - 客户端与服务端连接关闭.../0:0:0:0:0:0:0:1:53482
2018-09-28 10:37:08.699 - [nioEventLoopGroup-3-8] INFO  - netty.NettyServerHandller - 客户端与服务端连接关闭.../0:0:0:0:0:0:0:1:53483
2018-09-28 10:37:20.814 - [nioEventLoopGroup-3-1] INFO  - netty.NettyServerHandller - 客户端与服务端连接开启，客户端remoteAddress：/0:0:0:0:0:0:0:1:53500
2018-09-28 10:37:23.124 - [nioEventLoopGroup-3-2] INFO  - netty.NettyServerHandller - 客户端与服务端连接开启，客户端remoteAddress：/0:0:0:0:0:0:0:1:53505
2018-09-28 10:39:06.740 - [nioEventLoopGroup-3-1] INFO  - netty.NettyServerHandller - 客户端与服务端连接关闭.../0:0:0:0:0:0:0:1:53500
2018-09-28 10:39:06.757 - [nioEventLoopGroup-3-3] INFO  - netty.NettyServerHandller - 客户端与服务端连接开启，客户端remoteAddress：/0:0:0:0:0:0:0:1:53655
2018-09-28 10:44:16.389 - [main] INFO  - netty.NettyServer - Http Server listening on 8005
2018-09-28 10:44:24.910 - [nioEventLoopGroup-3-1] INFO  - netty.NettyServerHandller - 客户端与服务端连接开启，客户端remoteAddress：/0:0:0:0:0:0:0:1:54144
2018-09-28 10:44:27.214 - [nioEventLoopGroup-3-2] INFO  - netty.NettyServerHandller - 客户端与服务端连接开启，客户端remoteAddress：/0:0:0:0:0:0:0:1:54147
2018-09-28 10:44:50.868 - [nioEventLoopGroup-3-3] INFO  - netty.NettyServerHandller - 客户端与服务端连接开启，客户端remoteAddress：/0:0:0:0:0:0:0:1:54182
2018-09-28 10:44:50.870 - [nioEventLoopGroup-3-3] INFO  - netty.NettyServerHandller - 客户端与服务端连接关闭.../0:0:0:0:0:0:0:1:54182
2018-09-28 10:44:50.871 - [nioEventLoopGroup-3-4] INFO  - netty.NettyServerHandller - 客户端与服务端连接开启，客户端remoteAddress：/0:0:0:0:0:0:0:1:54183
2018-09-28 10:44:51.298 - [nioEventLoopGroup-3-4] INFO  - c.a.druid.pool.DruidDataSource - {dataSource-1} inited
2018-09-28 10:44:51.374 - [nioEventLoopGroup-3-4] INFO  - netty.NettyServerHandller - 客户端与服务端连接关闭.../0:0:0:0:0:0:0:1:54183
2018-09-28 10:45:13.277 - [nioEventLoopGroup-3-5] INFO  - netty.NettyServerHandller - 客户端与服务端连接开启，客户端remoteAddress：/0:0:0:0:0:0:0:1:54216
2018-09-28 10:45:13.277 - [nioEventLoopGroup-3-6] INFO  - netty.NettyServerHandller - 客户端与服务端连接开启，客户端remoteAddress：/0:0:0:0:0:0:0:1:54217
2018-09-28 10:45:13.278 - [nioEventLoopGroup-3-5] INFO  - netty.NettyServerHandller - 客户端与服务端连接关闭.../0:0:0:0:0:0:0:1:54216
2018-09-28 10:45:13.291 - [nioEventLoopGroup-3-6] INFO  - netty.NettyServerHandller - 客户端与服务端连接关闭.../0:0:0:0:0:0:0:1:54217
2018-09-28 10:45:23.910 - [nioEventLoopGroup-3-7] INFO  - netty.NettyServerHandller - 客户端与服务端连接开启，客户端remoteAddress：/0:0:0:0:0:0:0:1:54232
2018-09-28 10:45:23.910 - [nioEventLoopGroup-3-8] INFO  - netty.NettyServerHandller - 客户端与服务端连接开启，客户端remoteAddress：/0:0:0:0:0:0:0:1:54233
2018-09-28 10:45:23.911 - [nioEventLoopGroup-3-7] INFO  - netty.NettyServerHandller - 客户端与服务端连接关闭.../0:0:0:0:0:0:0:1:54232
2018-09-28 10:45:23.954 - [nioEventLoopGroup-3-8] INFO  - netty.NettyServerHandller - 客户端与服务端连接关闭.../0:0:0:0:0:0:0:1:54233
2018-09-28 10:45:29.852 - [nioEventLoopGroup-3-1] INFO  - netty.NettyServerHandller - 客户端与服务端连接开启，客户端remoteAddress：/0:0:0:0:0:0:0:1:54242
2018-09-28 10:45:29.852 - [nioEventLoopGroup-3-2] INFO  - netty.NettyServerHandller - 客户端与服务端连接开启，客户端remoteAddress：/0:0:0:0:0:0:0:1:54243
2018-09-28 10:45:29.852 - [nioEventLoopGroup-3-1] INFO  - netty.NettyServerHandller - 客户端与服务端连接关闭.../0:0:0:0:0:0:0:1:54242
2018-09-28 10:45:29.877 - [nioEventLoopGroup-3-2] INFO  - netty.NettyServerHandller - 客户端与服务端连接关闭.../0:0:0:0:0:0:0:1:54243
2018-09-28 10:46:49.398 - [main] INFO  - netty.NettyServer - Http Server listening on 8005
2018-09-28 10:46:53.113 - [nioEventLoopGroup-3-2] INFO  - netty.NettyServerHandller - 客户端与服务端连接开启，客户端remoteAddress：/0:0:0:0:0:0:0:1:54400
2018-09-28 10:46:53.113 - [nioEventLoopGroup-3-1] INFO  - netty.NettyServerHandller - 客户端与服务端连接开启，客户端remoteAddress：/0:0:0:0:0:0:0:1:54399
2018-09-28 10:46:53.127 - [nioEventLoopGroup-3-1] INFO  - netty.NettyServerHandller - 客户端与服务端连接关闭.../0:0:0:0:0:0:0:1:54399
2018-09-28 10:46:53.537 - [nioEventLoopGroup-3-2] INFO  - c.a.druid.pool.DruidDataSource - {dataSource-1} inited
2018-09-28 10:46:53.620 - [nioEventLoopGroup-3-2] INFO  - netty.NettyServerHandller - 客户端与服务端连接关闭.../0:0:0:0:0:0:0:1:54400
2018-09-28 10:47:00.412 - [nioEventLoopGroup-3-3] INFO  - netty.NettyServerHandller - 客户端与服务端连接开启，客户端remoteAddress：/0:0:0:0:0:0:0:1:54413
2018-09-28 10:47:00.413 - [nioEventLoopGroup-3-3] INFO  - netty.NettyServerHandller - 客户端与服务端连接关闭.../0:0:0:0:0:0:0:1:54413
2018-09-28 10:47:00.414 - [nioEventLoopGroup-3-4] INFO  - netty.NettyServerHandller - 客户端与服务端连接开启，客户端remoteAddress：/0:0:0:0:0:0:0:1:54414
2018-09-28 10:47:00.430 - [nioEventLoopGroup-3-4] INFO  - netty.NettyServerHandller - 客户端与服务端连接关闭.../0:0:0:0:0:0:0:1:54414
2018-09-28 10:47:04.147 - [nioEventLoopGroup-3-5] INFO  - netty.NettyServerHandller - 客户端与服务端连接开启，客户端remoteAddress：/0:0:0:0:0:0:0:1:54421
2018-09-28 10:47:04.148 - [nioEventLoopGroup-3-5] INFO  - netty.NettyServerHandller - 客户端与服务端连接关闭.../0:0:0:0:0:0:0:1:54421
2018-09-28 10:47:04.149 - [nioEventLoopGroup-3-6] INFO  - netty.NettyServerHandller - 客户端与服务端连接开启，客户端remoteAddress：/0:0:0:0:0:0:0:1:54422
2018-09-28 10:47:04.174 - [nioEventLoopGroup-3-6] INFO  - netty.NettyServerHandller - 客户端与服务端连接关闭.../0:0:0:0:0:0:0:1:54422
2018-09-28 10:47:24.937 - [nioEventLoopGroup-3-7] INFO  - netty.NettyServerHandller - 客户端与服务端连接开启，客户端remoteAddress：/0:0:0:0:0:0:0:1:54459
2018-09-28 10:47:27.697 - [nioEventLoopGroup-3-8] INFO  - netty.NettyServerHandller - 客户端与服务端连接开启，客户端remoteAddress：/0:0:0:0:0:0:0:1:54465
2018-09-28 10:55:47.777 - [main] INFO  - netty.NettyServer - Http Server listening on 8005
2018-09-28 10:56:31.946 - [nioEventLoopGroup-3-2] INFO  - netty.NettyServerHandller - 客户端与服务端连接开启，客户端remoteAddress：/0:0:0:0:0:0:0:1:55253
2018-09-28 10:56:31.946 - [nioEventLoopGroup-3-1] INFO  - netty.NettyServerHandller - 客户端与服务端连接开启，客户端remoteAddress：/0:0:0:0:0:0:0:1:55252
2018-09-28 10:56:31.959 - [nioEventLoopGroup-3-1] INFO  - netty.NettyServerHandller - 客户端与服务端连接关闭.../0:0:0:0:0:0:0:1:55252
2018-09-28 10:56:32.351 - [nioEventLoopGroup-3-2] INFO  - c.a.druid.pool.DruidDataSource - {dataSource-1} inited
2018-09-28 10:56:32.433 - [nioEventLoopGroup-3-2] INFO  - netty.NettyServerHandller - 客户端与服务端连接关闭.../0:0:0:0:0:0:0:1:55253
2018-09-28 10:56:34.949 - [nioEventLoopGroup-3-3] INFO  - netty.NettyServerHandller - 客户端与服务端连接开启，客户端remoteAddress：/0:0:0:0:0:0:0:1:55260
2018-09-28 10:56:34.950 - [nioEventLoopGroup-3-4] INFO  - netty.NettyServerHandller - 客户端与服务端连接开启，客户端remoteAddress：/0:0:0:0:0:0:0:1:55261
2018-09-28 10:56:34.950 - [nioEventLoopGroup-3-3] INFO  - netty.NettyServerHandller - 客户端与服务端连接关闭.../0:0:0:0:0:0:0:1:55260
2018-09-28 10:56:34.967 - [nioEventLoopGroup-3-4] INFO  - netty.NettyServerHandller - 客户端与服务端连接关闭.../0:0:0:0:0:0:0:1:55261
2018-09-28 10:56:37.930 - [nioEventLoopGroup-3-6] INFO  - netty.NettyServerHandller - 客户端与服务端连接开启，客户端remoteAddress：/0:0:0:0:0:0:0:1:55267
2018-09-28 10:56:37.930 - [nioEventLoopGroup-3-5] INFO  - netty.NettyServerHandller - 客户端与服务端连接开启，客户端remoteAddress：/0:0:0:0:0:0:0:1:55266
2018-09-28 10:56:37.931 - [nioEventLoopGroup-3-5] INFO  - netty.NettyServerHandller - 客户端与服务端连接关闭.../0:0:0:0:0:0:0:1:55266
2018-09-28 10:56:37.956 - [nioEventLoopGroup-3-6] INFO  - netty.NettyServerHandller - 客户端与服务端连接关闭.../0:0:0:0:0:0:0:1:55267
2018-09-28 10:56:44.124 - [nioEventLoopGroup-3-7] INFO  - netty.NettyServerHandller - 客户端与服务端连接开启，客户端remoteAddress：/0:0:0:0:0:0:0:1:55277
2018-09-28 10:56:46.285 - [nioEventLoopGroup-3-8] INFO  - netty.NettyServerHandller - 客户端与服务端连接开启，客户端remoteAddress：/0:0:0:0:0:0:0:1:55280
2018-09-28 11:03:28.843 - [main] INFO  - netty.NettyServer - Http Server listening on 8005
2018-09-28 11:03:37.463 - [nioEventLoopGroup-3-2] INFO  - netty.NettyServerHandller - 客户端与服务端连接开启，客户端remoteAddress：/0:0:0:0:0:0:0:1:55885
2018-09-28 11:03:37.463 - [nioEventLoopGroup-3-1] INFO  - netty.NettyServerHandller - 客户端与服务端连接开启，客户端remoteAddress：/0:0:0:0:0:0:0:1:55884
2018-09-28 11:03:37.476 - [nioEventLoopGroup-3-1] INFO  - netty.NettyServerHandller - 客户端与服务端连接关闭.../0:0:0:0:0:0:0:1:55884
2018-09-28 11:03:37.888 - [nioEventLoopGroup-3-2] INFO  - c.a.druid.pool.DruidDataSource - {dataSource-1} inited
2018-09-28 11:03:37.972 - [nioEventLoopGroup-3-2] INFO  - netty.NettyServerHandller - 客户端与服务端连接关闭.../0:0:0:0:0:0:0:1:55885
2018-09-28 11:03:40.335 - [nioEventLoopGroup-3-3] INFO  - netty.NettyServerHandller - 客户端与服务端连接开启，客户端remoteAddress：/0:0:0:0:0:0:0:1:55892
2018-09-28 11:03:40.336 - [nioEventLoopGroup-3-3] INFO  - netty.NettyServerHandller - 客户端与服务端连接关闭.../0:0:0:0:0:0:0:1:55892
2018-09-28 11:03:40.337 - [nioEventLoopGroup-3-4] INFO  - netty.NettyServerHandller - 客户端与服务端连接开启，客户端remoteAddress：/0:0:0:0:0:0:0:1:55893
2018-09-28 11:03:40.353 - [nioEventLoopGroup-3-4] INFO  - netty.NettyServerHandller - 客户端与服务端连接关闭.../0:0:0:0:0:0:0:1:55893
2018-09-28 11:03:44.874 - [nioEventLoopGroup-3-5] INFO  - netty.NettyServerHandller - 客户端与服务端连接开启，客户端remoteAddress：/0:0:0:0:0:0:0:1:55902
2018-09-28 11:03:44.875 - [nioEventLoopGroup-3-5] INFO  - netty.NettyServerHandller - 客户端与服务端连接关闭.../0:0:0:0:0:0:0:1:55902
2018-09-28 11:03:44.876 - [nioEventLoopGroup-3-6] INFO  - netty.NettyServerHandller - 客户端与服务端连接开启，客户端remoteAddress：/0:0:0:0:0:0:0:1:55903
2018-09-28 11:03:44.902 - [nioEventLoopGroup-3-6] INFO  - netty.NettyServerHandller - 客户端与服务端连接关闭.../0:0:0:0:0:0:0:1:55903
2018-09-28 11:03:58.099 - [nioEventLoopGroup-3-7] INFO  - netty.NettyServerHandller - 客户端与服务端连接开启，客户端remoteAddress：/0:0:0:0:0:0:0:1:55922
2018-09-28 11:04:06.535 - [nioEventLoopGroup-3-8] INFO  - netty.NettyServerHandller - 客户端与服务端连接开启，客户端remoteAddress：/0:0:0:0:0:0:0:1:55935
2018-09-28 11:05:04.329 - [main] INFO  - netty.NettyServer - Http Server listening on 8005
2018-09-28 11:05:11.361 - [nioEventLoopGroup-3-2] INFO  - netty.NettyServerHandller - 客户端与服务端连接开启，客户端remoteAddress：/0:0:0:0:0:0:0:1:56059
2018-09-28 11:05:11.361 - [nioEventLoopGroup-3-1] INFO  - netty.NettyServerHandller - 客户端与服务端连接开启，客户端remoteAddress：/0:0:0:0:0:0:0:1:56058
2018-09-28 11:05:11.375 - [nioEventLoopGroup-3-1] INFO  - netty.NettyServerHandller - 客户端与服务端连接关闭.../0:0:0:0:0:0:0:1:56058
2018-09-28 11:05:11.781 - [nioEventLoopGroup-3-2] INFO  - c.a.druid.pool.DruidDataSource - {dataSource-1} inited
2018-09-28 11:05:11.859 - [nioEventLoopGroup-3-2] INFO  - netty.NettyServerHandller - 客户端与服务端连接关闭.../0:0:0:0:0:0:0:1:56059
2018-09-28 11:05:13.474 - [nioEventLoopGroup-3-3] INFO  - netty.NettyServerHandller - 客户端与服务端连接开启，客户端remoteAddress：/0:0:0:0:0:0:0:1:56066
2018-09-28 11:05:13.476 - [nioEventLoopGroup-3-3] INFO  - netty.NettyServerHandller - 客户端与服务端连接关闭.../0:0:0:0:0:0:0:1:56066
2018-09-28 11:05:13.476 - [nioEventLoopGroup-3-4] INFO  - netty.NettyServerHandller - 客户端与服务端连接开启，客户端remoteAddress：/0:0:0:0:0:0:0:1:56067
2018-09-28 11:05:13.494 - [nioEventLoopGroup-3-4] INFO  - netty.NettyServerHandller - 客户端与服务端连接关闭.../0:0:0:0:0:0:0:1:56067
2018-09-28 11:05:16.137 - [nioEventLoopGroup-3-5] INFO  - netty.NettyServerHandller - 客户端与服务端连接开启，客户端remoteAddress：/0:0:0:0:0:0:0:1:56072
2018-09-28 11:05:16.137 - [nioEventLoopGroup-3-6] INFO  - netty.NettyServerHandller - 客户端与服务端连接开启，客户端remoteAddress：/0:0:0:0:0:0:0:1:56073
2018-09-28 11:05:16.138 - [nioEventLoopGroup-3-5] INFO  - netty.NettyServerHandller - 客户端与服务端连接关闭.../0:0:0:0:0:0:0:1:56072
2018-09-28 11:05:16.162 - [nioEventLoopGroup-3-6] INFO  - netty.NettyServerHandller - 客户端与服务端连接关闭.../0:0:0:0:0:0:0:1:56073
2018-09-28 11:05:23.845 - [nioEventLoopGroup-3-7] INFO  - netty.NettyServerHandller - 客户端与服务端连接开启，客户端remoteAddress：/0:0:0:0:0:0:0:1:56084
2018-09-28 11:05:29.761 - [nioEventLoopGroup-3-8] INFO  - netty.NettyServerHandller - 客户端与服务端连接开启，客户端remoteAddress：/0:0:0:0:0:0:0:1:56093
2018-09-28 11:21:33.733 - [main] INFO  - netty.NettyServer - Http Server listening on 8005
2018-09-28 11:23:09.342 - [main] INFO  - netty.NettyServer - Http Server listening on 8005
2018-09-28 11:25:10.761 - [nioEventLoopGroup-3-2] INFO  - netty.NettyServerHandller - 客户端与服务端连接开启，客户端remoteAddress：/0:0:0:0:0:0:0:1:57786
2018-09-28 11:25:10.761 - [nioEventLoopGroup-3-1] INFO  - netty.NettyServerHandller - 客户端与服务端连接开启，客户端remoteAddress：/0:0:0:0:0:0:0:1:57785
2018-09-28 11:25:10.774 - [nioEventLoopGroup-3-1] INFO  - netty.NettyServerHandller - 客户端与服务端连接关闭.../0:0:0:0:0:0:0:1:57785
2018-09-28 11:25:21.746 - [nioEventLoopGroup-3-2] INFO  - netty.NettyServerHandller - 客户端与服务端连接关闭.../0:0:0:0:0:0:0:1:57786
2018-09-28 11:25:33.781 - [nioEventLoopGroup-3-3] INFO  - netty.NettyServerHandller - 客户端与服务端连接开启，客户端remoteAddress：/0:0:0:0:0:0:0:1:57819
2018-09-28 11:25:33.782 - [nioEventLoopGroup-3-4] INFO  - netty.NettyServerHandller - 客户端与服务端连接开启，客户端remoteAddress：/0:0:0:0:0:0:0:1:57820
2018-09-28 11:25:33.782 - [nioEventLoopGroup-3-3] INFO  - netty.NettyServerHandller - 客户端与服务端连接关闭.../0:0:0:0:0:0:0:1:57819
2018-09-28 11:25:56.845 - [nioEventLoopGroup-3-4] INFO  - netty.NettyServerHandller - 客户端与服务端连接关闭.../0:0:0:0:0:0:0:1:57820
2018-09-28 11:26:49.048 - [main] INFO  - netty.NettyServer - Http Server listening on 8005
2018-09-28 11:26:58.292 - [nioEventLoopGroup-3-1] INFO  - netty.NettyServerHandller - 客户端与服务端连接开启，客户端remoteAddress：/0:0:0:0:0:0:0:1:57972
2018-09-28 11:26:58.292 - [nioEventLoopGroup-3-2] INFO  - netty.NettyServerHandller - 客户端与服务端连接开启，客户端remoteAddress：/0:0:0:0:0:0:0:1:57973
2018-09-28 11:26:58.306 - [nioEventLoopGroup-3-1] INFO  - netty.NettyServerHandller - 客户端与服务端连接关闭.../0:0:0:0:0:0:0:1:57972
2018-09-28 11:27:03.528 - [nioEventLoopGroup-3-2] INFO  - netty.NettyServerHandller - 客户端与服务端连接关闭.../0:0:0:0:0:0:0:1:57973
2018-09-28 11:31:00.915 - [main] INFO  - netty.NettyServer - Http Server listening on 8005
2018-09-28 11:31:02.671 - [nioEventLoopGroup-3-2] INFO  - netty.NettyServerHandller - 客户端与服务端连接开启，客户端remoteAddress：/0:0:0:0:0:0:0:1:58338
2018-09-28 11:31:02.671 - [nioEventLoopGroup-3-1] INFO  - netty.NettyServerHandller - 客户端与服务端连接开启，客户端remoteAddress：/0:0:0:0:0:0:0:1:58337
2018-09-28 11:31:02.686 - [nioEventLoopGroup-3-1] INFO  - netty.NettyServerHandller - 客户端与服务端连接关闭.../0:0:0:0:0:0:0:1:58337
2018-09-28 11:31:11.577 - [nioEventLoopGroup-3-2] INFO  - netty.NettyServerHandller - 客户端与服务端连接关闭.../0:0:0:0:0:0:0:1:58338
2018-09-28 11:32:39.581 - [main] INFO  - netty.NettyServer - Http Server listening on 8005
2018-09-28 11:32:47.726 - [nioEventLoopGroup-3-2] INFO  - netty.NettyServerHandller - 客户端与服务端连接开启，客户端remoteAddress：/0:0:0:0:0:0:0:1:58519
2018-09-28 11:32:47.726 - [nioEventLoopGroup-3-1] INFO  - netty.NettyServerHandller - 客户端与服务端连接开启，客户端remoteAddress：/0:0:0:0:0:0:0:1:58518
2018-09-28 11:32:47.738 - [nioEventLoopGroup-3-1] INFO  - netty.NettyServerHandller - 客户端与服务端连接关闭.../0:0:0:0:0:0:0:1:58518
2018-09-28 11:33:05.440 - [nioEventLoopGroup-3-2] INFO  - netty.NettyServerHandller - 客户端与服务端连接关闭.../0:0:0:0:0:0:0:1:58519
2018-09-28 11:33:28.600 - [main] INFO  - netty.NettyServer - Http Server listening on 8005
2018-09-28 11:33:30.880 - [nioEventLoopGroup-3-1] INFO  - netty.NettyServerHandller - 客户端与服务端连接开启，客户端remoteAddress：/0:0:0:0:0:0:0:1:58615
2018-09-28 11:33:30.880 - [nioEventLoopGroup-3-2] INFO  - netty.NettyServerHandller - 客户端与服务端连接开启，客户端remoteAddress：/0:0:0:0:0:0:0:1:58616
2018-09-28 11:33:30.893 - [nioEventLoopGroup-3-1] INFO  - netty.NettyServerHandller - 客户端与服务端连接关闭.../0:0:0:0:0:0:0:1:58615
2018-09-28 11:35:30.763 - [nioEventLoopGroup-3-2] INFO  - netty.NettyServerHandller - 客户端与服务端连接关闭.../0:0:0:0:0:0:0:1:58616
2018-09-28 11:39:58.454 - [main] INFO  - netty.NettyServer - Http Server listening on 8005
2018-09-28 11:40:05.768 - [nioEventLoopGroup-3-2] INFO  - netty.NettyServerHandller - 客户端与服务端连接开启，客户端remoteAddress：/0:0:0:0:0:0:0:1:59265
2018-09-28 11:40:05.768 - [nioEventLoopGroup-3-1] INFO  - netty.NettyServerHandller - 客户端与服务端连接开启，客户端remoteAddress：/0:0:0:0:0:0:0:1:59264
2018-09-28 11:40:05.783 - [nioEventLoopGroup-3-1] INFO  - netty.NettyServerHandller - 客户端与服务端连接关闭.../0:0:0:0:0:0:0:1:59264
2018-09-28 11:40:22.164 - [nioEventLoopGroup-3-2] INFO  - netty.NettyServerHandller - 客户端与服务端连接关闭.../0:0:0:0:0:0:0:1:59265
2018-09-28 11:41:44.974 - [nioEventLoopGroup-3-2] INFO  - handler.NettyHttpServerHandler - httpRequest:HttpObjectAggregator$AggregatedFullHttpRequest(decodeResult: success, version: HTTP/1.1, content: CompositeByteBuf(ridx: 0, widx: 23, cap: 23, components=1))
POST /join/123 HTTP/1.1
Content-Type: application/x-www-form-urlencoded
cache-control: no-cache
Postman-Token: 25d1880f-0d6d-4586-ae0f-f404a7462af8
User-Agent: PostmanRuntime/7.3.0
Accept: */*
Host: localhost:8005
accept-encoding: gzip, deflate
content-length: 23
Connection: keep-alive
2018-09-28 11:42:57.539 - [nioEventLoopGroup-3-2] INFO  - handler.NettyHttpServerHandler - httpRequest:HttpObjectAggregator$AggregatedFullHttpRequest(decodeResult: success, version: HTTP/1.1, content: CompositeByteBuf(ridx: 0, widx: 23, cap: 23, components=1))
POST /join/123 HTTP/1.1
Content-Type: application/x-www-form-urlencoded
cache-control: no-cache
Postman-Token: 2b528d3d-b531-427a-9d8b-c1b446c748c3
User-Agent: PostmanRuntime/7.3.0
Accept: */*
Host: localhost:8005
accept-encoding: gzip, deflate
content-length: 23
Connection: keep-alive
2018-09-28 11:43:03.076 - [nioEventLoopGroup-3-4] INFO  - handler.NettyHttpServerHandler - httpRequest:HttpObjectAggregator$AggregatedFullHttpRequest(decodeResult: success, version: HTTP/1.1, content: CompositeByteBuf(ridx: 0, widx: 23, cap: 23, components=1))
POST /join/123 HTTP/1.1
Content-Type: application/x-www-form-urlencoded
cache-control: no-cache
Postman-Token: fa97828e-fbda-4a9a-8b49-a9fa3ecfa6e9
User-Agent: PostmanRuntime/7.3.0
Accept: */*
Host: localhost:8005
accept-encoding: gzip, deflate
content-length: 23
Connection: keep-alive
2018-09-28 11:43:42.613 - [nioEventLoopGroup-3-2] INFO  - handler.NettyHttpServerHandler - httpRequest:HttpObjectAggregator$AggregatedFullHttpRequest(decodeResult: success, version: HTTP/1.1, content: CompositeByteBuf(ridx: 0, widx: 23, cap: 23, components=1))
POST /join/123 HTTP/1.1
Content-Type: application/x-www-form-urlencoded
cache-control: no-cache
Postman-Token: 13232504-9d6b-4e63-8c85-bce31abac4e3
User-Agent: PostmanRuntime/7.3.0
Accept: */*
Host: localhost:8005
accept-encoding: gzip, deflate
content-length: 23
Connection: keep-alive
2018-09-28 13:56:12.511 - [nioEventLoopGroup-3-2] INFO  - handler.NettyHttpServerHandler - httpRequest:HttpObjectAggregator$AggregatedFullHttpRequest(decodeResult: success, version: HTTP/1.1, content: CompositeByteBuf(ridx: 0, widx: 23, cap: 23, components=1))
POST /join/123 HTTP/1.1
Content-Type: application/x-www-form-urlencoded
cache-control: no-cache
Postman-Token: 1ca8771c-afd3-4225-8466-5a97f9a985e7
User-Agent: PostmanRuntime/7.3.0
Accept: */*
Host: localhost:8005
accept-encoding: gzip, deflate
content-length: 23
Connection: keep-alive
2018-09-28 13:56:19.983 - [nioEventLoopGroup-3-2] INFO  - c.a.druid.pool.DruidDataSource - {dataSource-1} inited
2018-09-28 14:00:36.265 - [nioEventLoopGroup-3-1] INFO  - handler.NettyHttpServerHandler - httpRequest:HttpObjectAggregator$AggregatedFullHttpRequest(decodeResult: success, version: HTTP/1.1, content: CompositeByteBuf(ridx: 0, widx: 0, cap: 0, components=0))
POST /join/1234567 HTTP/1.1
origin: https://rtc.tlifang.com
Content-Type: text/plain; charset=utf-8
Content-Length: 0
User-Agent: Dalvik/2.1.0 (Linux; U; Android 9; Android SDK built for x86 Build/PPP4.180612.007)
Host: 192.168.1.95:8005
Connection: Keep-Alive
Accept-Encoding: gzip
2018-09-28 14:00:48.564 - [nioEventLoopGroup-3-1] INFO  - c.a.druid.pool.DruidDataSource - {dataSource-1} inited
2018-09-28 14:01:06.464 - [nioEventLoopGroup-3-2] INFO  - handler.NettyHttpServerHandler - httpRequest:HttpObjectAggregator$AggregatedFullHttpRequest(decodeResult: success, version: HTTP/1.1, content: CompositeByteBuf(ridx: 0, widx: 0, cap: 0, components=0))
POST /join/1234567 HTTP/1.1
origin: https://rtc.tlifang.com
Content-Type: text/plain; charset=utf-8
Content-Length: 0
User-Agent: Dalvik/2.1.0 (Linux; U; Android 9; Android SDK built for x86 Build/PPP4.180612.007)
Host: 192.168.1.95:8005
Connection: Keep-Alive
Accept-Encoding: gzip
2018-09-28 14:01:47.478 - [nioEventLoopGroup-3-3] INFO  - handler.NettyHttpServerHandler - httpRequest:HttpObjectAggregator$AggregatedFullHttpRequest(decodeResult: success, version: HTTP/1.1, content: CompositeByteBuf(ridx: 0, widx: 0, cap: 0, components=0))
POST /join/1234567 HTTP/1.1
origin: https://rtc.tlifang.com
Content-Type: text/plain; charset=utf-8
Content-Length: 0
User-Agent: Dalvik/2.1.0 (Linux; U; Android 9; Android SDK built for x86 Build/PPP4.180612.007)
Host: 192.168.1.95:8005
Connection: Keep-Alive
Accept-Encoding: gzip
2018-09-28 14:01:59.725 - [nioEventLoopGroup-3-4] INFO  - handler.NettyHttpServerHandler - httpRequest:HttpObjectAggregator$AggregatedFullHttpRequest(decodeResult: success, version: HTTP/1.1, content: CompositeByteBuf(ridx: 0, widx: 0, cap: 0, components=0))
POST /join/1234567 HTTP/1.1
origin: https://rtc.tlifang.com
Content-Type: text/plain; charset=utf-8
Content-Length: 0
User-Agent: Dalvik/2.1.0 (Linux; U; Android 9; Android SDK built for x86 Build/PPP4.180612.007)
Host: 192.168.1.95:8005
Connection: Keep-Alive
Accept-Encoding: gzip
2018-09-28 14:02:28.913 - [nioEventLoopGroup-3-5] INFO  - handler.NettyHttpServerHandler - httpRequest:HttpObjectAggregator$AggregatedFullHttpRequest(decodeResult: success, version: HTTP/1.1, content: CompositeByteBuf(ridx: 0, widx: 0, cap: 0, components=0))
POST /join/1234567 HTTP/1.1
origin: https://rtc.tlifang.com
Content-Type: text/plain; charset=utf-8
Content-Length: 0
User-Agent: Dalvik/2.1.0 (Linux; U; Android 9; Android SDK built for x86 Build/PPP4.180612.007)
Host: 192.168.1.95:8005
Connection: Keep-Alive
Accept-Encoding: gzip
2018-09-28 14:02:53.600 - [nioEventLoopGroup-3-1] INFO  - handler.NettyHttpServerHandler - httpRequest:HttpObjectAggregator$AggregatedFullHttpRequest(decodeResult: success, version: HTTP/1.1, content: CompositeByteBuf(ridx: 0, widx: 0, cap: 0, components=0))
POST /join/1234567 HTTP/1.1
origin: https://rtc.tlifang.com
Content-Type: text/plain; charset=utf-8
Content-Length: 0
User-Agent: Dalvik/2.1.0 (Linux; U; Android 9; Android SDK built for x86 Build/PPP4.180612.007)
Host: 192.168.1.95:8005
Connection: Keep-Alive
Accept-Encoding: gzip
2018-09-28 14:03:12.935 - [nioEventLoopGroup-3-1] INFO  - c.a.druid.pool.DruidDataSource - {dataSource-1} inited
2018-09-28 14:07:58.347 - [nioEventLoopGroup-3-2] INFO  - handler.NettyHttpServerHandler - httpRequest:HttpObjectAggregator$AggregatedFullHttpRequest(decodeResult: success, version: HTTP/1.1, content: CompositeByteBuf(ridx: 0, widx: 0, cap: 0, components=0))
POST /join/12345671 HTTP/1.1
origin: https://rtc.tlifang.com
Content-Type: text/plain; charset=utf-8
Content-Length: 0
User-Agent: Dalvik/2.1.0 (Linux; U; Android 9; Android SDK built for x86 Build/PPP4.180612.007)
Host: 192.168.1.95:8005
Connection: Keep-Alive
Accept-Encoding: gzip
2018-09-28 14:09:16.471 - [nioEventLoopGroup-3-3] INFO  - handler.NettyHttpServerHandler - httpRequest:HttpObjectAggregator$AggregatedFullHttpRequest(decodeResult: success, version: HTTP/1.1, content: CompositeByteBuf(ridx: 0, widx: 0, cap: 0, components=0))
POST /join/12345671g HTTP/1.1
origin: https://rtc.tlifang.com
Content-Type: text/plain; charset=utf-8
Content-Length: 0
User-Agent: Dalvik/2.1.0 (Linux; U; Android 9; Android SDK built for x86 Build/PPP4.180612.007)
Host: 192.168.1.95:8005
Connection: Keep-Alive
Accept-Encoding: gzip
2018-09-28 14:09:58.919 - [nioEventLoopGroup-3-4] INFO  - handler.NettyHttpServerHandler - httpRequest:HttpObjectAggregator$AggregatedFullHttpRequest(decodeResult: success, version: HTTP/1.1, content: CompositeByteBuf(ridx: 0, widx: 0, cap: 0, components=0))
POST /join/123456716 HTTP/1.1
origin: https://rtc.tlifang.com
Content-Type: text/plain; charset=utf-8
Content-Length: 0
User-Agent: Dalvik/2.1.0 (Linux; U; Android 9; Android SDK built for x86 Build/PPP4.180612.007)
Host: 192.168.1.95:8005
Connection: Keep-Alive
Accept-Encoding: gzip
2018-09-28 14:11:01.609 - [nioEventLoopGroup-3-5] INFO  - handler.NettyHttpServerHandler - httpRequest:HttpObjectAggregator$AggregatedFullHttpRequest(decodeResult: success, version: HTTP/1.1, content: CompositeByteBuf(ridx: 0, widx: 0, cap: 0, components=0))
POST /join/1234567161 HTTP/1.1
origin: https://rtc.tlifang.com
Content-Type: text/plain; charset=utf-8
Content-Length: 0
User-Agent: Dalvik/2.1.0 (Linux; U; Android 9; Android SDK built for x86 Build/PPP4.180612.007)
Host: 192.168.1.95:8005
Connection: Keep-Alive
Accept-Encoding: gzip
2018-09-28 14:14:22.980 - [nioEventLoopGroup-3-1] INFO  - handler.NettyHttpServerHandler - httpRequest:HttpObjectAggregator$AggregatedFullHttpRequest(decodeResult: success, version: HTTP/1.1, content: CompositeByteBuf(ridx: 0, widx: 0, cap: 0, components=0))
POST /join/1234567161 HTTP/1.1
origin: https://rtc.tlifang.com
Content-Type: text/plain; charset=utf-8
Content-Length: 0
User-Agent: Dalvik/2.1.0 (Linux; U; Android 9; Android SDK built for x86 Build/PPP4.180612.007)
Host: 192.168.1.95:8005
Connection: Keep-Alive
Accept-Encoding: gzip
2018-09-28 14:14:23.429 - [nioEventLoopGroup-3-1] INFO  - c.a.druid.pool.DruidDataSource - {dataSource-1} inited
2018-09-28 14:19:56.794 - [nioEventLoopGroup-3-1] INFO  - handler.NettyHttpServerHandler - httpRequest:HttpObjectAggregator$AggregatedFullHttpRequest(decodeResult: success, version: HTTP/1.1, content: CompositeByteBuf(ridx: 0, widx: 0, cap: 0, components=0))
POST /join/1234567161 HTTP/1.1
origin: https://rtc.tlifang.com
Content-Type: text/plain; charset=utf-8
Content-Length: 0
User-Agent: Dalvik/2.1.0 (Linux; U; Android 9; Android SDK built for x86 Build/PPP4.180612.007)
Host: 192.168.1.95:8005
Connection: Keep-Alive
Accept-Encoding: gzip
2018-09-28 14:19:57.192 - [nioEventLoopGroup-3-1] INFO  - c.a.druid.pool.DruidDataSource - {dataSource-1} inited
2018-09-28 14:20:29.823 - [nioEventLoopGroup-3-2] INFO  - handler.NettyHttpServerHandler - httpRequest:HttpObjectAggregator$AggregatedFullHttpRequest(decodeResult: success, version: HTTP/1.1, content: CompositeByteBuf(ridx: 0, widx: 0, cap: 0, components=0))
POST /join/12345671613 HTTP/1.1
origin: https://rtc.tlifang.com
Content-Type: text/plain; charset=utf-8
Content-Length: 0
User-Agent: Dalvik/2.1.0 (Linux; U; Android 9; Android SDK built for x86 Build/PPP4.180612.007)
Host: 192.168.1.95:8005
Connection: Keep-Alive
Accept-Encoding: gzip
2018-09-28 14:26:24.749 - [nioEventLoopGroup-3-1] INFO  - handler.NettyHttpServerHandler - httpRequest:HttpObjectAggregator$AggregatedFullHttpRequest(decodeResult: success, version: HTTP/1.1, content: CompositeByteBuf(ridx: 0, widx: 0, cap: 0, components=0))
POST /join/12345671613 HTTP/1.1
origin: https://rtc.tlifang.com
Content-Type: text/plain; charset=utf-8
Content-Length: 0
User-Agent: Dalvik/2.1.0 (Linux; U; Android 9; Android SDK built for x86 Build/PPP4.180612.007)
Host: 192.168.1.95:8005
Connection: Keep-Alive
Accept-Encoding: gzip
2018-09-28 14:26:25.155 - [nioEventLoopGroup-3-1] INFO  - c.a.druid.pool.DruidDataSource - {dataSource-1} inited
2018-09-28 14:26:27.961 - [nioEventLoopGroup-3-2] INFO  - handler.NettyHttpServerHandler - httpRequest:HttpObjectAggregator$AggregatedFullHttpRequest(decodeResult: success, version: HTTP/1.1, content: CompositeByteBuf(ridx: 0, widx: 0, cap: 0, components=0))
GET /ws HTTP/1.1
Host: 192.168.1.95
Upgrade: WebSocket
Connection: Upgrade
Sec-WebSocket-Key: KqnFwE8D2F8TJYuyO9FLVQ==
Origin: https://www.google.com
Sec-WebSocket-Version: 13
content-length: 0
2018-09-28 14:26:28.153 - [nioEventLoopGroup-3-3] INFO  - handler.NettyHttpServerHandler - httpRequest:HttpObjectAggregator$AggregatedFullHttpRequest(decodeResult: success, version: HTTP/1.1, content: CompositeByteBuf(ridx: 0, widx: 0, cap: 0, components=0))
POST /leave/12345671613/762313169 HTTP/1.1
origin: https://rtc.tlifang.com
Content-Type: text/plain; charset=utf-8
Content-Length: 0
User-Agent: Dalvik/2.1.0 (Linux; U; Android 9; Android SDK built for x86 Build/PPP4.180612.007)
Host: 192.168.1.95:8005
Connection: Keep-Alive
Accept-Encoding: gzip
2018-09-28 14:35:07.471 - [nioEventLoopGroup-3-4] INFO  - handler.NettyHttpServerHandler - httpRequest:HttpObjectAggregator$AggregatedFullHttpRequest(decodeResult: success, version: HTTP/1.1, content: CompositeByteBuf(ridx: 0, widx: 0, cap: 0, components=0))
POST /join/12345671613123 HTTP/1.1
origin: https://rtc.tlifang.com
Content-Type: text/plain; charset=utf-8
Content-Length: 0
User-Agent: Dalvik/2.1.0 (Linux; U; Android 9; Android SDK built for x86 Build/PPP4.180612.007)
Host: 192.168.1.95:8005
Connection: Keep-Alive
Accept-Encoding: gzip
2018-09-28 14:35:36.725 - [nioEventLoopGroup-3-1] INFO  - handler.NettyHttpServerHandler - httpRequest:HttpObjectAggregator$AggregatedFullHttpRequest(decodeResult: success, version: HTTP/1.1, content: CompositeByteBuf(ridx: 0, widx: 0, cap: 0, components=0))
POST /join/123 HTTP/1.1
origin: https://rtc.tlifang.com
Content-Type: text/plain; charset=utf-8
Content-Length: 0
User-Agent: Dalvik/2.1.0 (Linux; U; Android 9; Android SDK built for x86 Build/PPP4.180612.007)
Host: 192.168.1.95:8005
Connection: Keep-Alive
Accept-Encoding: gzip
2018-09-28 14:35:37.255 - [nioEventLoopGroup-3-1] INFO  - c.a.druid.pool.DruidDataSource - {dataSource-1} inited
2018-09-28 14:35:48.683 - [nioEventLoopGroup-3-2] INFO  - handler.NettyHttpServerHandler - httpRequest:HttpObjectAggregator$AggregatedFullHttpRequest(decodeResult: success, version: HTTP/1.1, content: CompositeByteBuf(ridx: 0, widx: 0, cap: 0, components=0))
GET /ws HTTP/1.1
Host: 192.168.1.95
Upgrade: WebSocket
Connection: Upgrade
Sec-WebSocket-Key: /4jT/WwVL/NRtl8Z25+hyA==
Origin: https://www.google.com
Sec-WebSocket-Version: 13
content-length: 0
2018-09-28 14:35:48.856 - [nioEventLoopGroup-3-3] INFO  - handler.NettyHttpServerHandler - httpRequest:HttpObjectAggregator$AggregatedFullHttpRequest(decodeResult: success, version: HTTP/1.1, content: CompositeByteBuf(ridx: 0, widx: 0, cap: 0, components=0))
POST /leave/123/113406554 HTTP/1.1
origin: https://rtc.tlifang.com
Content-Type: text/plain; charset=utf-8
Content-Length: 0
User-Agent: Dalvik/2.1.0 (Linux; U; Android 9; Android SDK built for x86 Build/PPP4.180612.007)
Host: 192.168.1.95:8005
Connection: Keep-Alive
Accept-Encoding: gzip
2018-09-28 16:51:12.591 - [main] INFO  - netty.NettyServer - Http Server listening on 8005
2018-09-28 16:51:54.525 - [nioEventLoopGroup-3-1] INFO  - netty.NettyServerHandller - 客户端与服务端连接开启，客户端remoteAddress：/0:0:0:0:0:0:0:1:50003
2018-09-28 16:51:54.525 - [nioEventLoopGroup-3-2] INFO  - netty.NettyServerHandller - 客户端与服务端连接开启，客户端remoteAddress：/0:0:0:0:0:0:0:1:50004
2018-09-28 16:51:54.541 - [nioEventLoopGroup-3-1] INFO  - netty.NettyServerHandller - 客户端与服务端连接关闭.../0:0:0:0:0:0:0:1:50003
2018-09-28 16:51:54.934 - [nioEventLoopGroup-3-2] INFO  - c.a.druid.pool.DruidDataSource - {dataSource-1} inited
2018-09-28 16:51:54.999 - [nioEventLoopGroup-3-2] INFO  - netty.NettyServerHandller - 客户端与服务端连接关闭.../0:0:0:0:0:0:0:1:50004
2018-09-28 16:52:16.820 - [nioEventLoopGroup-3-3] INFO  - netty.NettyServerHandller - 客户端与服务端连接开启，客户端remoteAddress：/0:0:0:0:0:0:0:1:50039
2018-09-28 16:53:23.067 - [main] INFO  - netty.NettyServer - Http Server listening on 8005
2018-09-28 16:53:41.870 - [nioEventLoopGroup-3-1] INFO  - netty.NettyServerHandller - 客户端与服务端连接开启，客户端remoteAddress：/0:0:0:0:0:0:0:1:50196
2018-09-28 16:53:41.870 - [nioEventLoopGroup-3-2] INFO  - netty.NettyServerHandller - 客户端与服务端连接开启，客户端remoteAddress：/0:0:0:0:0:0:0:1:50197
2018-09-28 16:53:41.885 - [nioEventLoopGroup-3-1] INFO  - netty.NettyServerHandller - 客户端与服务端连接关闭.../0:0:0:0:0:0:0:1:50196
2018-09-28 16:53:42.322 - [nioEventLoopGroup-3-2] INFO  - c.a.druid.pool.DruidDataSource - {dataSource-1} inited
2018-09-28 16:53:42.401 - [nioEventLoopGroup-3-2] INFO  - netty.NettyServerHandller - 客户端与服务端连接关闭.../0:0:0:0:0:0:0:1:50197
2018-09-28 16:53:48.015 - [nioEventLoopGroup-3-3] INFO  - netty.NettyServerHandller - 客户端与服务端连接开启，客户端remoteAddress：/0:0:0:0:0:0:0:1:50209
2018-09-28 16:54:17.169 - [nioEventLoopGroup-3-4] INFO  - netty.NettyServerHandller - 客户端与服务端连接开启，客户端remoteAddress：/0:0:0:0:0:0:0:1:50252
2018-09-28 16:54:29.272 - [nioEventLoopGroup-3-5] INFO  - netty.NettyServerHandller - 客户端与服务端连接开启，客户端remoteAddress：/0:0:0:0:0:0:0:1:50270
2018-09-28 16:54:29.273 - [nioEventLoopGroup-3-6] INFO  - netty.NettyServerHandller - 客户端与服务端连接开启，客户端remoteAddress：/0:0:0:0:0:0:0:1:50271
2018-09-28 16:54:29.273 - [nioEventLoopGroup-3-5] INFO  - netty.NettyServerHandller - 客户端与服务端连接关闭.../0:0:0:0:0:0:0:1:50270
2018-09-28 16:54:29.281 - [nioEventLoopGroup-3-6] INFO  - netty.NettyServerHandller - 客户端与服务端连接关闭.../0:0:0:0:0:0:0:1:50271
2018-09-28 16:54:34.735 - [nioEventLoopGroup-3-7] INFO  - netty.NettyServerHandller - 客户端与服务端连接开启，客户端remoteAddress：/0:0:0:0:0:0:0:1:50281
2018-09-28 16:54:34.736 - [nioEventLoopGroup-3-8] INFO  - netty.NettyServerHandller - 客户端与服务端连接开启，客户端remoteAddress：/0:0:0:0:0:0:0:1:50282
2018-09-28 16:54:34.736 - [nioEventLoopGroup-3-7] INFO  - netty.NettyServerHandller - 客户端与服务端连接关闭.../0:0:0:0:0:0:0:1:50281
2018-09-28 16:54:34.779 - [nioEventLoopGroup-3-8] INFO  - netty.NettyServerHandller - 客户端与服务端连接关闭.../0:0:0:0:0:0:0:1:50282
2018-09-28 16:55:01.755 - [nioEventLoopGroup-3-4] INFO  - netty.NettyServerHandller - 客户端与服务端连接关闭.../0:0:0:0:0:0:0:1:50252
2018-09-28 16:55:01.762 - [nioEventLoopGroup-3-1] INFO  - netty.NettyServerHandller - 客户端与服务端连接开启，客户端remoteAddress：/0:0:0:0:0:0:0:1:50320
2018-09-28 16:57:01.961 - [main] INFO  - netty.NettyServer - Http Server listening on 8005
2018-09-28 16:57:08.928 - [nioEventLoopGroup-3-1] INFO  - netty.NettyServerHandller - 客户端与服务端连接开启，客户端remoteAddress：/0:0:0:0:0:0:0:1:50539
2018-09-28 16:57:08.928 - [nioEventLoopGroup-3-2] INFO  - netty.NettyServerHandller - 客户端与服务端连接开启，客户端remoteAddress：/0:0:0:0:0:0:0:1:50540
2018-09-28 16:57:08.943 - [nioEventLoopGroup-3-1] INFO  - netty.NettyServerHandller - 客户端与服务端连接关闭.../0:0:0:0:0:0:0:1:50539
2018-09-28 16:57:09.365 - [nioEventLoopGroup-3-2] INFO  - c.a.druid.pool.DruidDataSource - {dataSource-1} inited
2018-09-28 16:57:09.443 - [nioEventLoopGroup-3-2] INFO  - netty.NettyServerHandller - 客户端与服务端连接关闭.../0:0:0:0:0:0:0:1:50540
2018-09-28 16:57:12.983 - [nioEventLoopGroup-3-3] INFO  - netty.NettyServerHandller - 客户端与服务端连接开启，客户端remoteAddress：/0:0:0:0:0:0:0:1:50549
2018-09-28 16:57:12.983 - [nioEventLoopGroup-3-4] INFO  - netty.NettyServerHandller - 客户端与服务端连接开启，客户端remoteAddress：/0:0:0:0:0:0:0:1:50550
2018-09-28 16:57:12.984 - [nioEventLoopGroup-3-3] INFO  - netty.NettyServerHandller - 客户端与服务端连接关闭.../0:0:0:0:0:0:0:1:50549
2018-09-28 16:57:12.999 - [nioEventLoopGroup-3-4] INFO  - netty.NettyServerHandller - 客户端与服务端连接关闭.../0:0:0:0:0:0:0:1:50550
2018-09-28 16:57:16.559 - [nioEventLoopGroup-3-5] INFO  - netty.NettyServerHandller - 客户端与服务端连接开启，客户端remoteAddress：/0:0:0:0:0:0:0:1:50557
2018-09-28 16:57:16.559 - [nioEventLoopGroup-3-6] INFO  - netty.NettyServerHandller - 客户端与服务端连接开启，客户端remoteAddress：/0:0:0:0:0:0:0:1:50558
2018-09-28 16:57:16.560 - [nioEventLoopGroup-3-5] INFO  - netty.NettyServerHandller - 客户端与服务端连接关闭.../0:0:0:0:0:0:0:1:50557
2018-09-28 16:57:16.582 - [nioEventLoopGroup-3-6] INFO  - netty.NettyServerHandller - 客户端与服务端连接关闭.../0:0:0:0:0:0:0:1:50558
2018-09-28 16:57:28.192 - [nioEventLoopGroup-3-7] INFO  - netty.NettyServerHandller - 客户端与服务端连接开启，客户端remoteAddress：/0:0:0:0:0:0:0:1:50575
2018-09-28 16:57:30.365 - [nioEventLoopGroup-3-8] INFO  - netty.NettyServerHandller - 客户端与服务端连接开启，客户端remoteAddress：/0:0:0:0:0:0:0:1:50580
2018-09-28 17:01:39.438 - [main] INFO  - netty.NettyServer - Http Server listening on 8005
2018-09-28 17:01:45.935 - [nioEventLoopGroup-3-1] INFO  - netty.NettyServerHandller - 客户端与服务端连接开启，客户端remoteAddress：/0:0:0:0:0:0:0:1:50985
2018-09-28 17:01:45.935 - [nioEventLoopGroup-3-2] INFO  - netty.NettyServerHandller - 客户端与服务端连接开启，客户端remoteAddress：/0:0:0:0:0:0:0:1:50986
2018-09-28 17:01:45.950 - [nioEventLoopGroup-3-1] INFO  - netty.NettyServerHandller - 客户端与服务端连接关闭.../0:0:0:0:0:0:0:1:50985
2018-09-28 17:01:46.382 - [nioEventLoopGroup-3-2] INFO  - c.a.druid.pool.DruidDataSource - {dataSource-1} inited
2018-09-28 17:01:46.469 - [nioEventLoopGroup-3-2] INFO  - netty.NettyServerHandller - 客户端与服务端连接关闭.../0:0:0:0:0:0:0:1:50986
2018-09-28 17:01:52.038 - [nioEventLoopGroup-3-3] INFO  - netty.NettyServerHandller - 客户端与服务端连接开启，客户端remoteAddress：/0:0:0:0:0:0:0:1:50997
2018-09-28 17:03:49.288 - [main] INFO  - netty.NettyServer - Http Server listening on 8005
2018-09-28 17:03:53.174 - [nioEventLoopGroup-3-1] INFO  - netty.NettyServerHandller - 客户端与服务端连接开启，客户端remoteAddress：/0:0:0:0:0:0:0:1:51206
2018-09-28 17:03:53.174 - [nioEventLoopGroup-3-2] INFO  - netty.NettyServerHandller - 客户端与服务端连接开启，客户端remoteAddress：/0:0:0:0:0:0:0:1:51207
2018-09-28 17:03:53.188 - [nioEventLoopGroup-3-1] INFO  - netty.NettyServerHandller - 客户端与服务端连接关闭.../0:0:0:0:0:0:0:1:51206
2018-09-28 17:03:53.624 - [nioEventLoopGroup-3-2] INFO  - c.a.druid.pool.DruidDataSource - {dataSource-1} inited
2018-09-28 17:03:53.706 - [nioEventLoopGroup-3-2] INFO  - netty.NettyServerHandller - 客户端与服务端连接关闭.../0:0:0:0:0:0:0:1:51207
2018-09-28 17:03:57.825 - [nioEventLoopGroup-3-3] INFO  - netty.NettyServerHandller - 客户端与服务端连接开启，客户端remoteAddress：/0:0:0:0:0:0:0:1:51216
